2021-06-12 17:36:22 
Start install: Z:\home\localhost\www\joomla32\tmp\JoomShopping_category_4.0.1.zip
2021-06-12 17:36:22 Copy file: /de-DE.mod_jshopping_categories.ini
2021-06-12 17:36:22 Copy file: /en-GB.mod_jshopping_categories.ini
2021-06-12 17:36:22 Copy file: /helper.php
2021-06-12 17:36:22 Copy file: /mod_jshopping_categories.php
2021-06-12 17:36:22 INSTALL_THROUGH_JOOMLA
2021-06-12 17:37:29 
Start install: Z:\home\localhost\www\joomla32\tmp\JoomShopping_category_4.0.1.zip
2021-06-12 17:37:29 Copy file: /de-DE.mod_jshopping_categories.ini
2021-06-12 17:37:29 Copy file: /en-GB.mod_jshopping_categories.ini
2021-06-12 17:37:29 Copy file: /helper.php
2021-06-12 17:37:29 Copy file: /mod_jshopping_categories.php
2021-06-12 17:37:29 INSTALL_THROUGH_JOOMLA
2021-06-12 17:43:05 
Start install: Z:\home\localhost\www\joomla32\tmp\JoomShopping_category_4.0.1.zip
2021-06-12 17:43:05 Copy file: /de-DE.mod_jshopping_categories.ini
2021-06-12 17:43:05 Copy file: /en-GB.mod_jshopping_categories.ini
2021-06-12 17:43:05 Copy file: /helper.php
2021-06-12 17:43:05 Copy file: /mod_jshopping_categories.php
2021-06-12 17:43:05 INSTALL_THROUGH_JOOMLA
